2023-10-27 10:49:37,275	INFO	3*********@q*.com->{'ret': 1, 'msg': '登录成功'}
2023-10-27 10:49:37,664	INFO	3*********@q*.com->{'ret': 0, 'msg': '您似乎已经签到过了...'}
2023-10-28 09:06:41,224	INFO	3*********@q*.com->{'ret': 1, 'msg': '登录成功'}
2023-10-28 09:06:41,626	INFO	3*********@q*.com->{'msg': '获得了 84MB 流量.', 'unflowtraffic': 108336775168, 'traffic': '100.9GB', 'trafficInfo': {'todayUsedTraffic': '0B', 'lastUsedTraffic': '10.01GB', 'unUsedTraffic': '90.89GB'}, 'ret': 1}
2023-10-29 09:13:05,752	INFO	3*********@q*.com->{'ret': 1, 'msg': '登录成功'}
2023-10-29 09:13:06,139	INFO	3*********@q*.com->{'msg': '获得了 74MB 流量.', 'unflowtraffic': 108414369792, 'traffic': '100.97GB', 'trafficInfo': {'todayUsedTraffic': '0B', 'lastUsedTraffic': '10.3GB', 'unUsedTraffic': '90.67GB'}, 'ret': 1}
2023-10-30 09:09:39,529	INFO	3*********@q*.com->{'ret': 1, 'msg': '登录成功'}
2023-10-30 09:09:39,932	INFO	3*********@q*.com->{'msg': '获得了 90MB 流量.', 'unflowtraffic': 108508741632, 'traffic': '101.06GB', 'trafficInfo': {'todayUsedTraffic': '5.04MB', 'lastUsedTraffic': '10.3GB', 'unUsedTraffic': '90.75GB'}, 'ret': 1}
2023-10-31 09:09:59,253	INFO	3*********@q*.com->{'ret': 1, 'msg': '登录成功'}
2023-10-31 09:09:59,606	INFO	3*********@q*.com->{'msg': '获得了 68MB 流量.', 'unflowtraffic': 108580044800, 'traffic': '101.12GB', 'trafficInfo': {'todayUsedTraffic': '1.93MB', 'lastUsedTraffic': '10.44GB', 'unUsedTraffic': '90.68GB'}, 'ret': 1}
2023-11-01 09:13:51,631	INFO	3*********@q*.com->{'ret': 1, 'msg': '登录成功'}
2023-11-01 09:13:51,985	INFO	3*********@q*.com->{'msg': '获得了 64MB 流量.', 'unflowtraffic': 108647153664, 'traffic': '101.19GB', 'trafficInfo': {'todayUsedTraffic': '0B', 'lastUsedTraffic': '12.06GB', 'unUsedTraffic': '89.12GB'}, 'ret': 1}
2023-11-02 09:09:14,391	INFO	3*********@q*.com->{'ret': 1, 'msg': '登录成功'}
2023-11-02 09:09:14,826	INFO	3*********@q*.com->{'msg': '获得了 90MB 流量.', 'unflowtraffic': 108741525504, 'traffic': '101.27GB', 'trafficInfo': {'todayUsedTraffic': '0B', 'lastUsedTraffic': '12.06GB', 'unUsedTraffic': '89.21GB'}, 'ret': 1}
2023-11-03 09:10:15,408	INFO	3*********@q*.com->{'ret': 1, 'msg': '登录成功'}
2023-11-03 09:10:15,779	INFO	3*********@q*.com->{'msg': '获得了 88MB 流量.', 'unflowtraffic': 108833800192, 'traffic': '101.36GB', 'trafficInfo': {'todayUsedTraffic': '0B', 'lastUsedTraffic': '12.21GB', 'unUsedTraffic': '89.14GB'}, 'ret': 1}
2023-11-04 09:09:08,094	INFO	3*********@q*.com->{'ret': 1, 'msg': '登录成功'}
2023-11-04 09:09:08,455	INFO	3*********@q*.com->{'msg': '获得了 98MB 流量.', 'unflowtraffic': 108936560640, 'traffic': '101.46GB', 'trafficInfo': {'todayUsedTraffic': '10.89MB', 'lastUsedTraffic': '12.76GB', 'unUsedTraffic': '88.69GB'}, 'ret': 1}
2023-11-05 09:14:26,387	INFO	3*********@q*.com->{'ret': 1, 'msg': '登录成功'}
2023-11-05 09:14:26,742	INFO	3*********@q*.com->{'msg': '获得了 85MB 流量.', 'unflowtraffic': 109025689600, 'traffic': '101.54GB', 'trafficInfo': {'todayUsedTraffic': '132.64MB', 'lastUsedTraffic': '13.06GB', 'unUsedTraffic': '88.35GB'}, 'ret': 1}
2023-11-06 09:12:20,077	INFO	3*********@q*.com->{'ret': 1, 'msg': '登录成功'}
2023-11-06 09:12:20,483	INFO	3*********@q*.com->{'msg': '获得了 60MB 流量.', 'unflowtraffic': 109088604160, 'traffic': '101.6GB', 'trafficInfo': {'todayUsedTraffic': '134.1MB', 'lastUsedTraffic': '13.44GB', 'unUsedTraffic': '88.02GB'}, 'ret': 1}
2023-11-07 09:11:12,404	INFO	3*********@q*.com->{'ret': 1, 'msg': '登录成功'}
2023-11-07 09:11:12,909	INFO	3*********@q*.com->{'msg': '获得了 70MB 流量.', 'unflowtraffic': 109162004480, 'traffic': '101.67GB', 'trafficInfo': {'todayUsedTraffic': '8.46MB', 'lastUsedTraffic': '13.94GB', 'unUsedTraffic': '87.72GB'}, 'ret': 1}
2023-11-08 09:10:23,349	INFO	3*********@q*.com->{'ret': 1, 'msg': '登录成功'}
2023-11-08 09:10:23,856	INFO	3*********@q*.com->{'msg': '获得了 81MB 流量.', 'unflowtraffic': 109246939136, 'traffic': '101.74GB', 'trafficInfo': {'todayUsedTraffic': '252.87MB', 'lastUsedTraffic': '14.1GB', 'unUsedTraffic': '87.4GB'}, 'ret': 1}
2023-11-09 09:11:13,560	INFO	3*********@q*.com->{'ret': 1, 'msg': '登录成功'}
2023-11-09 09:11:14,050	INFO	3*********@q*.com->{'msg': '获得了 60MB 流量.', 'unflowtraffic': 109309853696, 'traffic': '101.8GB', 'trafficInfo': {'todayUsedTraffic': '426B', 'lastUsedTraffic': '14.55GB', 'unUsedTraffic': '87.25GB'}, 'ret': 1}
2023-11-10 09:10:18,815	INFO	3*********@q*.com->{'ret': 1, 'msg': '登录成功'}
2023-11-10 09:10:19,316	INFO	3*********@q*.com->{'msg': '获得了 100MB 流量.', 'unflowtraffic': 109414711296, 'traffic': '101.9GB', 'trafficInfo': {'todayUsedTraffic': '8.38MB', 'lastUsedTraffic': '14.69GB', 'unUsedTraffic': '87.21GB'}, 'ret': 1}
2023-11-11 10:11:50,678	INFO	3*********@q*.com->{'ret': 1, 'msg': '登录成功'}
2023-11-11 10:11:51,340	INFO	3*********@q*.com->{'msg': '获得了 93MB 流量.', 'unflowtraffic': 109512228864, 'traffic': '101.99GB', 'trafficInfo': {'todayUsedTraffic': '3.51MB', 'lastUsedTraffic': '14.8GB', 'unUsedTraffic': '87.19GB'}, 'ret': 1}
2023-11-12 09:15:11,209	INFO	3*********@q*.com->{'ret': 1, 'msg': '登录成功'}
2023-11-12 09:15:11,702	INFO	3*********@q*.com->{'msg': '获得了 95MB 流量.', 'unflowtraffic': 109611843584, 'traffic': '102.08GB', 'trafficInfo': {'todayUsedTraffic': '399.13KB', 'lastUsedTraffic': '14.8GB', 'unUsedTraffic': '87.28GB'}, 'ret': 1}
2023-11-13 09:12:18,889	INFO	3*********@q*.com->{'ret': 1, 'msg': '登录成功'}
2023-11-13 09:12:19,404	INFO	3*********@q*.com->{'msg': '获得了 60MB 流量.', 'unflowtraffic': 109674758144, 'traffic': '102.14GB', 'trafficInfo': {'todayUsedTraffic': '2.67MB', 'lastUsedTraffic': '14.82GB', 'unUsedTraffic': '87.32GB'}, 'ret': 1}
2023-11-14 09:10:38,411	INFO	3*********@q*.com->{'ret': 0, 'msg': '邮箱或者密码错误'}
2023-11-14 09:10:39,378	INFO	3*********@q*.com->签到阶段出现异常,请确认账号信息是否正确:JSONDecodeError('Expecting value: line 1 column 1 (char 0)')
2023-11-15 09:12:22,573	INFO	3*********@q*.com->{'ret': 0, 'msg': '邮箱或者密码错误'}
2023-11-15 09:12:23,534	INFO	3*********@q*.com->签到阶段出现异常,请确认账号信息是否正确:JSONDecodeError('Expecting value: line 1 column 1 (char 0)')
2023-11-16 09:13:20,907	INFO	3*********@q*.com->{'ret': 0, 'msg': '邮箱或者密码错误'}
2023-11-16 09:13:21,793	INFO	3*********@q*.com->签到阶段出现异常,请确认账号信息是否正确:JSONDecodeError('Expecting value: line 1 column 1 (char 0)')
2023-11-17 09:12:56,214	INFO	3*********@q*.com->{'ret': 0, 'msg': '邮箱或者密码错误'}
2023-11-17 09:12:56,892	INFO	3*********@q*.com->签到阶段出现异常,请确认账号信息是否正确:JSONDecodeError('Expecting value: line 1 column 1 (char 0)')
2023-11-18 09:12:00,462	INFO	3*********@q*.com->{'ret': 0, 'msg': '邮箱或者密码错误'}
2023-11-18 09:12:01,068	INFO	3*********@q*.com->签到阶段出现异常,请确认账号信息是否正确:JSONDecodeError('Expecting value: line 1 column 1 (char 0)')
2023-11-19 09:17:36,979	INFO	3*********@q*.com->{'ret': 0, 'msg': '邮箱或者密码错误'}
2023-11-19 09:17:37,669	INFO	3*********@q*.com->签到阶段出现异常,请确认账号信息是否正确:JSONDecodeError('Expecting value: line 1 column 1 (char 0)')
2023-11-20 09:13:42,387	INFO	3*********@q*.com->{'ret': 0, 'msg': '邮箱或者密码错误'}
2023-11-20 09:13:43,081	INFO	3*********@q*.com->签到阶段出现异常,请确认账号信息是否正确:JSONDecodeError('Expecting value: line 1 column 1 (char 0)')
2023-11-21 09:15:19,121	INFO	3*********@q*.com->{'ret': 0, 'msg': '邮箱或者密码错误'}
2023-11-21 09:15:19,838	INFO	3*********@q*.com->签到阶段出现异常,请确认账号信息是否正确:JSONDecodeError('Expecting value: line 1 column 1 (char 0)')
2023-11-21 20:10:50,217	INFO	3*********@q*.com->{'ret': 1, 'msg': '登录成功'}
2023-11-21 20:10:50,548	INFO	3*********@q*.com->{'ret': 0, 'msg': '您似乎已经签到过了...'}
2023-11-22 09:15:10,309	INFO	3*********@q*.com->{'ret': 1, 'msg': '登录成功'}
2023-11-22 09:15:10,632	INFO	3*********@q*.com->{'msg': '获得了 67MB 流量.', 'unflowtraffic': 109840433152, 'traffic': '102.3GB', 'trafficInfo': {'todayUsedTraffic': '9.32MB', 'lastUsedTraffic': '16.45GB', 'unUsedTraffic': '85.84GB'}, 'ret': 1}
2023-11-23 09:12:37,422	INFO	3*********@q*.com->{'ret': 1, 'msg': '登录成功'}
2023-11-23 09:12:37,754	INFO	3*********@q*.com->{'msg': '获得了 72MB 流量.', 'unflowtraffic': 109915930624, 'traffic': '102.37GB', 'trafficInfo': {'todayUsedTraffic': '25.38KB', 'lastUsedTraffic': '16.48GB', 'unUsedTraffic': '85.89GB'}, 'ret': 1}
2023-11-24 09:10:49,061	INFO	3*********@q*.com->{'ret': 1, 'msg': '登录成功'}
2023-11-24 09:10:49,335	INFO	3*********@q*.com->{'msg': '获得了 91MB 流量.', 'unflowtraffic': 110011351040, 'traffic': '102.46GB', 'trafficInfo': {'todayUsedTraffic': '0B', 'lastUsedTraffic': '16.48GB', 'unUsedTraffic': '85.98GB'}, 'ret': 1}
2023-11-25 09:09:55,763	INFO	3*********@q*.com->{'ret': 1, 'msg': '登录成功'}
2023-11-25 09:09:56,074	INFO	3*********@q*.com->{'msg': '获得了 77MB 流量.', 'unflowtraffic': 110092091392, 'traffic': '102.53GB', 'trafficInfo': {'todayUsedTraffic': '470.13MB', 'lastUsedTraffic': '16.49GB', 'unUsedTraffic': '85.58GB'}, 'ret': 1}
2023-11-26 09:16:22,615	INFO	3*********@q*.com->{'ret': 1, 'msg': '登录成功'}
2023-11-26 09:16:22,939	INFO	3*********@q*.com->{'ret': 0, 'msg': '您似乎已经签到过了...'}
2023-11-27 09:12:53,498	INFO	3*********@q*.com->{'ret': 1, 'msg': '登录成功'}
2023-11-27 09:12:53,768	INFO	3*********@q*.com->{'msg': '获得了 73MB 流量.', 'unflowtraffic': 110248329216, 'traffic': '102.68GB', 'trafficInfo': {'todayUsedTraffic': '132.43MB', 'lastUsedTraffic': '17.08GB', 'unUsedTraffic': '85.47GB'}, 'ret': 1}
2023-11-28 09:13:41,143	INFO	3*********@q*.com->{'ret': 1, 'msg': '登录成功'}
2023-11-28 09:13:41,474	INFO	3*********@q*.com->{'msg': '获得了 92MB 流量.', 'unflowtraffic': 110344798208, 'traffic': '102.77GB', 'trafficInfo': {'todayUsedTraffic': '4.37MB', 'lastUsedTraffic': '17.24GB', 'unUsedTraffic': '85.52GB'}, 'ret': 1}
2023-11-29 09:13:42,548	INFO	3*********@q*.com->{'ret': 1, 'msg': '登录成功'}
2023-11-29 09:13:42,833	INFO	3*********@q*.com->{'msg': '获得了 94MB 流量.', 'unflowtraffic': 110443364352, 'traffic': '102.86GB', 'trafficInfo': {'todayUsedTraffic': '17.72MB', 'lastUsedTraffic': '17.29GB', 'unUsedTraffic': '85.55GB'}, 'ret': 1}
2023-11-30 09:12:40,347	INFO	3*********@q*.com->{'ret': 1, 'msg': '登录成功'}
2023-11-30 09:12:40,620	INFO	3*********@q*.com->{'msg': '获得了 94MB 流量.', 'unflowtraffic': 110541930496, 'traffic': '102.95GB', 'trafficInfo': {'todayUsedTraffic': '0B', 'lastUsedTraffic': '17.76GB', 'unUsedTraffic': '85.19GB'}, 'ret': 1}
2023-12-01 09:19:10,124	INFO	3*********@q*.com->{'ret': 1, 'msg': '登录成功'}
2023-12-01 09:19:10,402	INFO	3*********@q*.com->{'msg': '获得了 85MB 流量.', 'unflowtraffic': 110631059456, 'traffic': '103.03GB', 'trafficInfo': {'todayUsedTraffic': '296.41KB', 'lastUsedTraffic': '17.77GB', 'unUsedTraffic': '85.26GB'}, 'ret': 1}
2023-12-02 09:09:41,708	INFO	3*********@q*.com->{'ret': 1, 'msg': '登录成功'}
2023-12-02 09:09:42,047	INFO	3*********@q*.com->{'msg': '获得了 99MB 流量.', 'unflowtraffic': 110734868480, 'traffic': '103.13GB', 'trafficInfo': {'todayUsedTraffic': '0B', 'lastUsedTraffic': '17.94GB', 'unUsedTraffic': '85.19GB'}, 'ret': 1}
2023-12-03 09:16:32,664	INFO	3*********@q*.com->{'ret': 1, 'msg': '登录成功'}
2023-12-03 09:16:32,943	INFO	3*********@q*.com->{'msg': '获得了 83MB 流量.', 'unflowtraffic': 110821900288, 'traffic': '103.21GB', 'trafficInfo': {'todayUsedTraffic': '24.96KB', 'lastUsedTraffic': '18.12GB', 'unUsedTraffic': '85.1GB'}, 'ret': 1}
2023-12-04 09:13:38,983	INFO	3*********@q*.com->{'ret': 1, 'msg': '登录成功'}
2023-12-04 09:13:39,254	INFO	3*********@q*.com->{'msg': '获得了 84MB 流量.', 'unflowtraffic': 110909980672, 'traffic': '103.29GB', 'trafficInfo': {'todayUsedTraffic': '0B', 'lastUsedTraffic': '18.12GB', 'unUsedTraffic': '85.18GB'}, 'ret': 1}
2023-12-05 09:13:56,796	INFO	3*********@q*.com->{'ret': 1, 'msg': '登录成功'}
2023-12-05 09:13:57,086	INFO	3*********@q*.com->{'msg': '获得了 70MB 流量.', 'unflowtraffic': 110983380992, 'traffic': '103.36GB', 'trafficInfo': {'todayUsedTraffic': '24.96KB', 'lastUsedTraffic': '18.12GB', 'unUsedTraffic': '85.25GB'}, 'ret': 1}
2023-12-06 09:13:46,441	INFO	3*********@q*.com->{'ret': 1, 'msg': '登录成功'}
2023-12-06 09:13:46,726	INFO	3*********@q*.com->{'msg': '获得了 94MB 流量.', 'unflowtraffic': 111081947136, 'traffic': '103.45GB', 'trafficInfo': {'todayUsedTraffic': '47.84KB', 'lastUsedTraffic': '18.12GB', 'unUsedTraffic': '85.34GB'}, 'ret': 1}
2023-12-07 09:13:16,355	INFO	3*********@q*.com->{'ret': 1, 'msg': '登录成功'}
2023-12-07 09:13:16,669	INFO	3*********@q*.com->{'msg': '获得了 64MB 流量.', 'unflowtraffic': 111149056000, 'traffic': '103.52GB', 'trafficInfo': {'todayUsedTraffic': '49.98KB', 'lastUsedTraffic': '18.12GB', 'unUsedTraffic': '85.4GB'}, 'ret': 1}
2023-12-08 09:13:52,968	INFO	3*********@q*.com->{'ret': 1, 'msg': '登录成功'}
2023-12-08 09:13:53,293	INFO	3*********@q*.com->{'msg': '获得了 78MB 流量.', 'unflowtraffic': 111230844928, 'traffic': '103.59GB', 'trafficInfo': {'todayUsedTraffic': '24.3KB', 'lastUsedTraffic': '18.12GB', 'unUsedTraffic': '85.48GB'}, 'ret': 1}
